g:\code\cpp\csgo\pepe internal\pepe internal\debug\vc142.pdb
g:\code\cpp\csgo\pepe internal\pepe internal\debug\vc142.idb
g:\code\cpp\csgo\pepe internal\pepe internal\debug\vmatrix.obj
g:\code\cpp\csgo\pepe internal\pepe internal\debug\internal.obj
g:\code\cpp\csgo\pepe internal\pepe internal\debug\imgui_widgets.obj
g:\code\cpp\csgo\pepe internal\pepe internal\debug\imgui_impl_win32.obj
g:\code\cpp\csgo\pepe internal\pepe internal\debug\imgui_impl_dx9.obj
g:\code\cpp\csgo\pepe internal\pepe internal\debug\imgui_draw.obj
g:\code\cpp\csgo\pepe internal\pepe internal\debug\imgui_demo.obj
g:\code\cpp\csgo\pepe internal\pepe internal\debug\imgui.obj
g:\code\cpp\csgo\pepe internal\pepe internal\debug\helpers.obj
g:\code\cpp\csgo\pepe internal\pepe internal\debug\features.obj
g:\code\cpp\csgo\pepe internal\pepe internal\debug\entity.obj
g:\code\cpp\csgo\pepe internal\pepe internal\debug\dx.obj
g:\code\cpp\csgo\pepe internal\pepe internal\debug\cinput.obj
g:\code\cpp\csgo\pepe internal\pepe internal\debug\vector4d.obj
g:\code\cpp\csgo\pepe internal\pepe internal\debug\vector2d.obj
g:\code\cpp\csgo\pepe internal\pepe internal\debug\vector.obj
g:\code\cpp\csgo\pepe internal\pepe internal\debug\interfaces.obj
g:\code\cpp\csgo\pepe internal\pepe internal\debug\drawing.obj
g:\code\cpp\csgo\pepe internal\pepe internal\debug\main.obj
g:\code\cpp\csgo\pepe internal\debug\pepe internal.pdb
g:\code\cpp\csgo\pepe internal\debug\pepe internal.dll
g:\code\cpp\csgo\pepe internal\pepe internal\debug\pepe internal.tlog\cl.command.1.tlog
g:\code\cpp\csgo\pepe internal\pepe internal\debug\pepe internal.tlog\cl.read.1.tlog
g:\code\cpp\csgo\pepe internal\pepe internal\debug\pepe internal.tlog\cl.write.1.tlog
g:\code\cpp\csgo\pepe internal\pepe internal\debug\pepe internal.tlog\link.command.1.tlog
g:\code\cpp\csgo\pepe internal\pepe internal\debug\pepe internal.tlog\link.read.1.tlog
g:\code\cpp\csgo\pepe internal\pepe internal\debug\pepe internal.tlog\link.write.1.tlog
